[2025-09-29 11:30:36] HotelHelper 未运行，尝试启动...
[2025-09-29 11:30:36] 目标程序文件不存在: C:\Users\onlysilence\source\repos\Hotel\WatchdogApp\bin\Debug\net8.0-windows\..\..\HotelHelper\bin\Debug\net8.0-windows\HotelHelper.exe
[2025-09-29 11:30:41] HotelHelper 未运行，尝试启动...
[2025-09-29 11:30:41] 目标程序文件不存在: C:\Users\onlysilence\source\repos\Hotel\WatchdogApp\bin\Debug\net8.0-windows\..\..\HotelHelper\bin\Debug\net8.0-windows\HotelHelper.exe
[2025-09-29 11:40:42] 看门狗启动，监控进程: Application，路径: C:\Users\onlysilence\source\repos\Hotel\WatchdogApp\bin\Debug\net8.0-windows\Application.exe，间隔: 5000 毫秒
[2025-09-29 11:40:43] Application 未运行，尝试启动...
[2025-09-29 11:40:43] 目标程序文件不存在: C:\Users\onlysilence\source\repos\Hotel\WatchdogApp\bin\Debug\net8.0-windows\Application.exe
[2025-09-29 11:40:48] Application 未运行，尝试启动...
[2025-09-29 11:40:48] 目标程序文件不存在: C:\Users\onlysilence\source\repos\Hotel\WatchdogApp\bin\Debug\net8.0-windows\Application.exe
[2025-09-29 11:40:53] Application 未运行，尝试启动...
[2025-09-29 11:40:53] 目标程序文件不存在: C:\Users\onlysilence\source\repos\Hotel\WatchdogApp\bin\Debug\net8.0-windows\Application.exe
[2025-09-29 11:40:58] Application 未运行，尝试启动...
[2025-09-29 11:40:58] 目标程序文件不存在: C:\Users\onlysilence\source\repos\Hotel\WatchdogApp\bin\Debug\net8.0-windows\Application.exe
[2025-09-29 11:41:03] Application 未运行，尝试启动...
[2025-09-29 11:41:03] 目标程序文件不存在: C:\Users\onlysilence\source\repos\Hotel\WatchdogApp\bin\Debug\net8.0-windows\Application.exe
[2025-09-29 11:41:08] Application 未运行，尝试启动...
[2025-09-29 11:41:08] 目标程序文件不存在: C:\Users\onlysilence\source\repos\Hotel\WatchdogApp\bin\Debug\net8.0-windows\Application.exe
[2025-09-29 11:41:13] Application 未运行，尝试启动...
[2025-09-29 11:41:13] 目标程序文件不存在: C:\Users\onlysilence\source\repos\Hotel\WatchdogApp\bin\Debug\net8.0-windows\Application.exe
[2025-09-29 11:41:34] 看门狗启动，监控进程: Application，路径: C:\Users\onlysilence\source\repos\Hotel\WatchdogApp\bin\Debug\net8.0-windows\Application.exe，间隔: 5000 毫秒
[2025-09-29 11:41:34] Application 未运行，尝试启动...
[2025-09-29 11:41:34] 目标程序文件不存在: C:\Users\onlysilence\source\repos\Hotel\WatchdogApp\bin\Debug\net8.0-windows\Application.exe
[2025-09-29 11:41:39] Application 未运行，尝试启动...
[2025-09-29 11:41:39] 目标程序文件不存在: C:\Users\onlysilence\source\repos\Hotel\WatchdogApp\bin\Debug\net8.0-windows\Application.exe
[2025-09-29 11:41:44] Application 未运行，尝试启动...
[2025-09-29 11:41:44] 目标程序文件不存在: C:\Users\onlysilence\source\repos\Hotel\WatchdogApp\bin\Debug\net8.0-windows\Application.exe
[2025-09-29 11:44:53] 看门狗启动，监控进程: Application，路径: C:\Users\onlysilence\source\repos\Hotel\WatchdogApp\bin\Debug\net8.0-windows\Application.exe，间隔: 5000 毫秒
[2025-09-29 11:44:53] Application 未运行，尝试启动...
[2025-09-29 11:44:53] 目标程序文件不存在: C:\Users\onlysilence\source\repos\Hotel\WatchdogApp\bin\Debug\net8.0-windows\Application.exe
[2025-09-29 11:44:58] Application 未运行，尝试启动...
[2025-09-29 11:44:58] 目标程序文件不存在: C:\Users\onlysilence\source\repos\Hotel\WatchdogApp\bin\Debug\net8.0-windows\Application.exe
[2025-09-29 11:45:04] Application 未运行，尝试启动...
[2025-09-29 11:45:04] 目标程序文件不存在: C:\Users\onlysilence\source\repos\Hotel\WatchdogApp\bin\Debug\net8.0-windows\Application.exe
[2025-09-29 11:45:09] Application 未运行，尝试启动...
[2025-09-29 11:45:09] 目标程序文件不存在: C:\Users\onlysilence\source\repos\Hotel\WatchdogApp\bin\Debug\net8.0-windows\Application.exe
[2025-09-29 11:45:14] Application 未运行，尝试启动...
[2025-09-29 11:45:14] 目标程序文件不存在: C:\Users\onlysilence\source\repos\Hotel\WatchdogApp\bin\Debug\net8.0-windows\Application.exe
[2025-09-29 11:47:16] 看门狗必须通过参数打开。

用法1: WatchdogApp.exe <进程名> <进程路径> [<间隔时间>]
用法2: WatchdogApp.exe STOP (停止看门狗)
[2025-09-29 11:51:21] 看门狗必须通过参数打开。

用法1: WatchdogApp.exe <进程名> <进程路径> [<间隔时间>]
用法2: WatchdogApp.exe STOP (停止看门狗)
[2025-09-29 12:07:48] 看门狗必须通过参数打开。

用法1: WatchdogApp.exe <进程名> <进程路径> [<间隔时间>]
用法2: WatchdogApp.exe STOP (停止看门狗)
[2025-09-29 12:12:20] 看门狗必须通过参数打开。

用法1: WatchdogApp.exe <进程名> <进程路径> [<间隔时间>]
用法2: WatchdogApp.exe STOP (停止看门狗)
[2025-09-29 12:12:47] 看门狗必须通过参数打开。

用法1: WatchdogApp.exe <进程名> <进程路径> [<间隔时间>]
用法2: WatchdogApp.exe STOP (停止看门狗)
[2025-09-29 12:12:49] 看门狗启动，监控进程: Application，路径: C:\Users\onlysilence\source\repos\Hotel\WatchdogApp\bin\Debug\net8.0-windows\Application.exe，间隔: 5000 毫秒
[2025-09-29 12:12:59] Application 未运行，尝试启动...
[2025-09-29 12:12:59] 目标程序文件不存在: C:\Users\onlysilence\source\repos\Hotel\WatchdogApp\bin\Debug\net8.0-windows\Application.exe
[2025-09-29 12:13:04] Application 未运行，尝试启动...
[2025-09-29 12:13:04] 目标程序文件不存在: C:\Users\onlysilence\source\repos\Hotel\WatchdogApp\bin\Debug\net8.0-windows\Application.exe
[2025-09-29 12:15:50] 看门狗必须通过参数打开。

用法1: WatchdogApp.exe <进程名> <进程路径> [<间隔时间>]
用法2: WatchdogApp.exe STOP (停止看门狗)
[2025-09-29 12:15:51] 看门狗启动，监控进程: Application，路径: C:\Users\onlysilence\source\repos\Hotel\WatchdogApp\bin\Debug\net8.0-windows\Application.exe，间隔: 5000 毫秒
[2025-09-29 12:15:51] Application 未运行，尝试启动...
[2025-09-29 12:15:51] 目标程序文件不存在: C:\Users\onlysilence\source\repos\Hotel\WatchdogApp\bin\Debug\net8.0-windows\Application.exe
[2025-09-29 12:15:56] Application 未运行，尝试启动...
[2025-09-29 12:15:56] 目标程序文件不存在: C:\Users\onlysilence\source\repos\Hotel\WatchdogApp\bin\Debug\net8.0-windows\Application.exe
[2025-09-29 12:16:01] Application 未运行，尝试启动...
[2025-09-29 12:16:01] 目标程序文件不存在: C:\Users\onlysilence\source\repos\Hotel\WatchdogApp\bin\Debug\net8.0-windows\Application.exe
[2025-09-29 12:21:36] 看门狗必须通过参数打开。

用法1: WatchdogApp.exe <进程名> <进程路径> [<间隔时间>]
用法2: WatchdogApp.exe STOP (停止看门狗)
[2025-09-29 12:21:40] 看门狗启动，监控进程: Application，路径: C:\Users\onlysilence\source\repos\Hotel\WatchdogApp\bin\Debug\net8.0-windows\Application.exe，间隔: 5000 毫秒
[2025-09-29 12:21:40] 必须调用 SetCompatibleTextRenderingDefault，才能在应用程序中创建第一个 IWin32Window 对象。
[2025-09-29 12:21:52] 看门狗必须通过参数打开。

用法1: WatchdogApp.exe <进程名> <进程路径> [<间隔时间>]
用法2: WatchdogApp.exe STOP (停止看门狗)
[2025-09-29 12:21:54] 看门狗启动，监控进程: Application，路径: C:\Users\onlysilence\source\repos\Hotel\WatchdogApp\bin\Debug\net8.0-windows\Application.exe，间隔: 5000 毫秒
[2025-09-29 12:21:54] 必须调用 SetCompatibleTextRenderingDefault，才能在应用程序中创建第一个 IWin32Window 对象。
[2025-09-29 12:22:15] 看门狗必须通过参数打开。

用法1: WatchdogApp.exe <进程名> <进程路径> [<间隔时间>]
用法2: WatchdogApp.exe STOP (停止看门狗)
[2025-09-29 12:22:17] 看门狗启动，监控进程: Application，路径: C:\Users\onlysilence\source\repos\Hotel\WatchdogApp\bin\Debug\net8.0-windows\Application.exe，间隔: 5000 毫秒
[2025-09-29 12:22:17] 必须调用 SetCompatibleTextRenderingDefault，才能在应用程序中创建第一个 IWin32Window 对象。
[2025-09-29 16:22:53] 看门狗必须通过参数打开。

用法1: WatchdogApp.exe <进程名> <进程路径> [<间隔时间>]
用法2: WatchdogApp.exe STOP (停止看门狗)
[2025-09-29 16:22:55] 看门狗启动，监控进程: Application，路径: C:\Users\onlysilence\source\repos\Hotel\WatchdogApp\bin\Debug\net8.0-windows\Application.exe，间隔: 5000 毫秒
[2025-09-29 16:22:55] 必须调用 SetCompatibleTextRenderingDefault，才能在应用程序中创建第一个 IWin32Window 对象。
[2025-09-29 17:41:10] 看门狗必须通过参数打开。

用法1: WatchdogApp.exe <进程名> <进程路径> [<间隔时间>]
用法2: WatchdogApp.exe STOP (停止看门狗)
[2025-09-29 17:41:12] 看门狗启动，监控进程: Application，路径: C:\Users\onlysilence\source\repos\Hotel\WatchdogApp\bin\Debug\net8.0-windows\Application.exe，间隔: 5000 毫秒
[2025-09-29 17:41:12] 必须调用 SetCompatibleTextRenderingDefault，才能在应用程序中创建第一个 IWin32Window 对象。
[2025-09-29 18:05:38] 看门狗必须通过参数打开。

用法1: WatchdogApp.exe <进程名> <进程路径> [<间隔时间>]
用法2: WatchdogApp.exe STOP (停止看门狗)
[2025-09-29 18:05:41] 看门狗启动，监控进程: Application，路径: C:\Users\onlysilence\source\repos\Hotel\WatchdogApp\bin\Debug\net8.0-windows\Application.exe，间隔: 5000 毫秒
[2025-09-29 18:05:41] 必须调用 SetCompatibleTextRenderingDefault，才能在应用程序中创建第一个 IWin32Window 对象。
